Parameter file z0/c3.txt not found.
Error. I miss a value for tag 'CC' in parameter file 'z0/c3.txt'.
Error. I miss a value for tag 'V200' in parameter file 'z0/c3.txt'.
Error. I miss a value for tag 'LAMBDA' in parameter file 'z0/c3.txt'.
Error. I miss a value for tag 'MD' in parameter file 'z0/c3.txt'.
Error. I miss a value for tag 'MBH' in parameter file 'z0/c3.txt'.
Error. I miss a value for tag 'MB' in parameter file 'z0/c3.txt'.
Error. I miss a value for tag 'JD' in parameter file 'z0/c3.txt'.
Error. I miss a value for tag 'GasFraction' in parameter file 'z0/c3.txt'.
Error. I miss a value for tag 'DiskHeight' in parameter file 'z0/c3.txt'.
Error. I miss a value for tag 'BulgeSize' in parameter file 'z0/c3.txt'.
Error. I miss a value for tag 'N_HALO' in parameter file 'z0/c3.txt'.
Error. I miss a value for tag 'N_DISK' in parameter file 'z0/c3.txt'.
Error. I miss a value for tag 'N_GAS' in parameter file 'z0/c3.txt'.
Error. I miss a value for tag 'N_BULGE' in parameter file 'z0/c3.txt'.
Error. I miss a value for tag 'RadialDispersionFactor' in parameter file 'z0/c3.txt'.
Error. I miss a value for tag 'HI_GasMassFraction' in parameter file 'z0/c3.txt'.
Error. I miss a value for tag 'HI_GasDiskScaleLength' in parameter file 'z0/c3.txt'.
Error. I miss a value for tag 'MaxGasDiskHeight' in parameter file 'z0/c3.txt'.
Error. I miss a value for tag 'OutputDir' in parameter file 'z0/c3.txt'.
Error. I miss a value for tag 'OutputFile' in parameter file 'z0/c3.txt'.
Error. I miss a value for tag 'FactorEVP' in parameter file 'z0/c3.txt'.
Error. I miss a value for tag 'FactorSN' in parameter file 'z0/c3.txt'.
Error. I miss a value for tag 'MaxSfrTimescale' in parameter file 'z0/c3.txt'.
Error. I miss a value for tag 'TempSupernova' in parameter file 'z0/c3.txt'.
Error. I miss a value for tag 'TempClouds' in parameter file 'z0/c3.txt'.
Error. I miss a value for tag 'FactorForSofterEQS' in parameter file 'z0/c3.txt'.
Error. I miss a value for tag 'REDSHIFT' in parameter file 'z0/c3.txt'.
Error. I miss a value for tag 'Omega_m0' in parameter file 'z0/c3.txt'.
Error. I miss a value for tag 'Omega_L0' in parameter file 'z0/c3.txt'.
